=== TEI Header Metadata Scanner ===
Source: /sessions/zealous-vigilant-hypatia/mnt/frus-subject-taxonomy/data/documents

  [50/552] frus1890 — 24,199 docs, 18,332 annotated, 82,698 annotations (253s)
  [100/552] frus1918Russiav01 — 64,958 docs, 45,505 annotated, 173,560 annotations (596s)
  [150/552] frus1931-41v02 — 97,481 docs, 69,084 annotated, 255,680 annotations (1140s)
  [200/552] frus1941v01 — 140,556 docs, 101,175 annotated, 356,921 annotations (1596s)
  [250/552] frus1946v07 — 183,515 docs, 134,723 annotated, 482,437 annotations (2385s)
  [300/552] frus1951v05 — 219,629 docs, 165,144 annotated, 630,788 annotations (3445s)
  [350/552] frus1955-57v17 — 244,910 docs, 186,804 annotated, 747,446 annotations (3950s)
  [400/552] frus1961-63v14 — 263,657 docs, 203,952 annotated, 866,934 annotations (4523s)
  [450/552] frus1969-76v04 — 282,813 docs, 221,556 annotated, 972,986 annotations (5032s)
  [500/552] frus1969-76ve09p1 — 297,327 docs, 235,465 annotated, 1,092,349 annotations (5260s)
  [550/552] frus1981-88v41 — 313,323 docs, 250,381 annotated, 1,236,388 annotations (5467s)
  [552/552] frus1989-92v31 — 313,864 docs, 250,911 annotated, 1,242,959 annotations (5473s)

Scan complete: 313,864 docs, 1,066 subjects, 1,242,959 annotations in 5485s

======================================================================
METADATA COVERAGE REPORT
======================================================================
Volumes: 552
Documents: 313,864
Annotated: 250,911 (79.9%)
Annotations: 1,242,959
Unique subjects: 1,066

By category:
  Foreign Economic Policy: 393,481
  Politico Military Issues: 182,005
  Global Issues: 118,705
  Uncategorized: 92,385
  International Law: 78,800
  Arms Control and Disarmament: 75,251
  Bilateral Relations: 70,367
  Human Rights: 67,869
  Information Programs: 59,941
  Science and Technology: 29,904
  Warfare: 25,403
  Department of State: 24,481
  International Organizations: 24,367

LCSH match quality:
  exact: 263
  lcsh_rejected: 239
  bad_close: 47
  good_close: 43
  ambiguous_close: 28

Writing outputs...
  Document appearances: /sessions/zealous-vigilant-hypatia/mnt/frus-subject-taxonomy/metadata-pipeline/data/document_appearances.json (1066 subjects)
  Doc metadata: /sessions/zealous-vigilant-hypatia/mnt/frus-subject-taxonomy/metadata-pipeline/data/doc_metadata.json (313864 docs)
  Volume manifest: /sessions/zealous-vigilant-hypatia/mnt/frus-subject-taxonomy/metadata-pipeline/data/volume_manifest.json (552 volumes)

Taxonomy: /sessions/zealous-vigilant-hypatia/mnt/frus-subject-taxonomy/metadata-pipeline/subject-taxonomy-metadata.xml
  1066 subjects in 13 categories
    Foreign Economic Policy: 244 subjects
    Politico Military Issues: 172 subjects
    Global Issues: 101 subjects
    Uncategorized: 73 subjects
    International Law: 55 subjects
    Arms Control and Disarmament: 130 subjects
    Bilateral Relations: 54 subjects
    Human Rights: 83 subjects
    Information Programs: 39 subjects
    Science and Technology: 55 subjects
    ... and 3 more categories

Done.
